[2025-12-17T06:44:12.597Z] Excel file upload started {"fileName":"test-certificates.xlsx","fileSize":16563}
[2025-12-17T06:44:17.998Z] Excel file processing completed {"successful":2,"failed":0}
[2025-12-17T06:46:23.460Z] Excel file upload started {"fileName":"test-certificates.xlsx","fileSize":16563}
[2025-12-17T06:46:23.560Z] Excel file processing completed {"successful":0,"failed":2}
[2025-12-17T06:48:04.569Z] Excel file upload started {"fileName":"test-certificates.xlsx","fileSize":16563}
[2025-12-17T06:48:04.668Z] Excel file processing completed {"successful":0,"failed":2}
[2025-12-17T06:53:09.731Z] Excel file upload started {"fileName":"new-test-certificates.xlsx","fileSize":16567}
[2025-12-17T06:53:16.007Z] Excel file processing completed {"successful":2,"failed":0}
[2025-12-17T06:57:56.724Z] Excel file upload started {"fileName":"new-test-certificates.xlsx","fileSize":16567}
[2025-12-17T06:57:56.836Z] Excel file processing completed {"successful":0,"failed":2}
[2025-12-17T07:00:19.489Z] Excel file upload started {"fileName":"new-test-certificates.xlsx","fileSize":16567}
[2025-12-17T07:00:19.596Z] Excel file processing completed {"successful":0,"failed":2}
[2025-12-17T07:01:38.797Z] Excel file upload started {"fileName":"new-test-certificates.xlsx","fileSize":16567}
[2025-12-17T07:01:38.932Z] Excel file processing completed {"successful":0,"failed":2}
[2025-12-17T07:02:58.016Z] Excel file upload started {"fileName":"fresh-test-certificates.xlsx","fileSize":16574}
[2025-12-17T07:03:03.014Z] Excel file processing completed {"successful":2,"failed":0}
[2025-12-17T07:09:04.387Z] Excel file upload started {"fileName":"fresh-test-certificates.xlsx","fileSize":16574}
[2025-12-17T07:09:04.497Z] Excel file processing completed {"successful":0,"failed":2}
[2025-12-17T07:09:45.548Z] Excel file upload started {"fileName":"fresh-test-certificates.xlsx","fileSize":16574}
[2025-12-17T07:09:45.669Z] Excel file processing completed {"successful":0,"failed":2}
[2025-12-17T07:16:15.529Z] Excel file upload started {"fileName":"fresh-test-certificates.xlsx","fileSize":16574}
[2025-12-17T07:16:15.655Z] Excel file processing completed {"successful":0,"failed":2}
[2025-12-17T07:16:53.074Z] Excel file upload started {"fileName":"fresh-test-certificates.xlsx","fileSize":16574}
[2025-12-17T07:16:53.190Z] Excel file processing completed {"successful":0,"failed":2}
[2025-12-17T07:18:18.238Z] Excel file upload started {"fileName":"fresh-test-certificates.xlsx","fileSize":16574}
[2025-12-17T07:18:18.441Z] Excel file processing completed {"successful":0,"failed":2}
[2025-12-17T07:19:29.795Z] Excel file upload started {"fileName":"fresh-test-certificates.xlsx","fileSize":16574}
[2025-12-17T07:19:29.951Z] Excel file processing completed {"successful":0,"failed":2}
[2025-12-17T07:20:27.608Z] Excel file upload started {"fileName":"unique-test-certificates.xlsx","fileSize":16571}
[2025-12-17T07:20:34.636Z] Excel file processing completed {"successful":2,"failed":0}
[2025-12-17T08:18:10.712Z] Excel file upload started {"fileName":"fresh-test-certificates.xlsx","fileSize":16574}
[2025-12-17T08:18:10.916Z] Excel file processing completed {"successful":0,"failed":2}
[2025-12-17T08:54:14.790Z] Excel file upload started {"fileName":"Certificate_Verification_Sample_Data.xlsx","fileSize":5586}
[2025-12-17T08:54:50.062Z] Excel file processing completed {"successful":10,"failed":0}
[2025-12-17T09:50:42.164Z] Excel file upload started {"fileName":"Certificate_Verification_Sample_Data.xlsx","fileSize":5586}
[2025-12-17T09:50:43.154Z] Excel file processing completed {"successful":0,"failed":10}
[2025-12-17T15:26:46.267Z] Excel file upload started {"fileName":"Certificate_Verification_2025_to_2026.xlsx","fileSize":6191}
[2025-12-17T15:26:46.338Z] Excel file processing completed {"successful":0,"failed":20}
[2025-12-17T15:38:17.376Z] Excel file upload started {"fileName":"Certificate_Verification_2025_to_2026.xlsx","fileSize":6191}
[2025-12-17T15:38:17.419Z] Excel file processing completed {"successful":0,"failed":20}
[2025-12-17T15:41:25.927Z] Excel file upload started {"fileName":"Certificate_Verification_2025_to_2026.xlsx","fileSize":6191}
[2025-12-17T15:41:25.994Z] Excel file processing completed {"successful":0,"failed":20}
[2025-12-17T15:41:44.495Z] Excel file upload started {"fileName":"Certificate_Verification_2025_to_2026.xlsx","fileSize":6191}
[2025-12-17T15:41:44.535Z] Excel file processing completed {"successful":0,"failed":20}
[2025-12-17T15:53:35.888Z] Excel file upload started {"fileName":"Certificate_Verification_2025_to_2026.xlsx","fileSize":6191}
[2025-12-17T15:53:35.982Z] Excel file processing completed {"successful":0,"failed":20}
[2025-12-17T15:54:11.182Z] Excel file upload started {"fileName":"Certificate_Verification_2025_to_2026.xlsx","fileSize":6191}
[2025-12-17T15:54:11.218Z] Excel file processing completed {"successful":0,"failed":20}
